<?xml version="1.0" encoding="UTF-8"?>
<!-- Generated by org.testng.reporters.JUnitReportReporter -->
<testsuite skipped="0" hostname="JanapalaA" name="DataDriver" tests="1" failures="0" timestamp="31 Jan 2019 13:08:01 GMT" time="0.006" errors="0">
  <testcase name="integrationTest" time="0.006" classname="DataDriver"/>
</testsuite> <!-- DataDriver -->
